TN:
SF:src/App.tsx
FN:11,(anonymous_1)
FNF:1
FNH:0
FNDA:0,(anonymous_1)
DA:1,0
DA:2,0
DA:3,0
DA:4,0
DA:5,0
DA:6,0
DA:7,0
DA:8,0
DA:9,0
DA:11,0
DA:12,0
DA:30,0
LF:12
LH:0
BRF:0
BRH:0
end_of_record
TN:
SF:src/components/Navbar.tsx
FN:10,(anonymous_1)
FN:12,(anonymous_2)
FN:17,(anonymous_3)
FN:21,(anonymous_4)
FN:33,(anonymous_5)
FNF:5
FNH:4
FNDA:3,(anonymous_1)
FNDA:6,(anonymous_2)
FNDA:1,(anonymous_3)
FNDA:0,(anonymous_4)
FNDA:6,(anonymous_5)
DA:1,1
DA:2,1
DA:4,1
DA:5,1
DA:6,1
DA:7,1
DA:8,1
DA:10,1
DA:11,3
DA:12,6
DA:13,3
DA:15,3
DA:17,3
DA:18,1
DA:21,3
DA:22,0
DA:25,3
DA:30,3
DA:34,6
DA:57,1
LF:20
LH:19
BRDA:37,0,0,3
BRDA:37,0,1,3
BRDA:47,1,0,3
BRDA:47,1,1,2
BRF:4
BRH:4
end_of_record
TN:
SF:src/components/WebSocketHandler.tsx
FN:11,(anonymous_0)
FN:14,(anonymous_1)
FN:21,(anonymous_2)
FN:50,(anonymous_3)
FN:59,(anonymous_4)
FN:62,(anonymous_5)
FN:67,(anonymous_6)
FN:137,(anonymous_7)
FN:141,(anonymous_8)
FN:145,(anonymous_9)
FN:149,(anonymous_10)
FNF:11
FNH:0
FNDA:0,(anonymous_0)
FNDA:0,(anonymous_1)
FNDA:0,(anonymous_2)
FNDA:0,(anonymous_3)
FNDA:0,(anonymous_4)
FNDA:0,(anonymous_5)
FNDA:0,(anonymous_6)
FNDA:0,(anonymous_7)
FNDA:0,(anonymous_8)
FNDA:0,(anonymous_9)
FNDA:0,(anonymous_10)
DA:1,0
DA:2,0
DA:3,0
DA:11,0
DA:12,0
DA:13,0
DA:14,0
DA:16,0
DA:17,0
DA:18,0
DA:19,0
DA:21,0
DA:22,0
DA:23,0
DA:24,0
DA:25,0
DA:27,0
DA:28,0
DA:29,0
DA:31,0
DA:34,0
DA:35,0
DA:38,0
DA:40,0
DA:41,0
DA:42,0
DA:45,0
DA:48,0
DA:50,0
DA:51,0
DA:59,0
DA:60,0
DA:62,0
DA:63,0
DA:64,0
DA:67,0
DA:68,0
DA:69,0
DA:70,0
DA:71,0
DA:74,0
DA:75,0
DA:77,0
DA:93,0
DA:95,0
DA:102,0
DA:103,0
DA:107,0
DA:108,0
DA:112,0
DA:113,0
DA:119,0
DA:120,0
DA:123,0
DA:124,0
DA:131,0
DA:132,0
DA:137,0
DA:138,0
DA:141,0
DA:142,0
DA:145,0
DA:146,0
DA:149,0
DA:150,0
DA:151,0
DA:159,0
DA:160,0
DA:162,0
DA:163,0
DA:164,0
DA:166,0
DA:167,0
DA:168,0
DA:173,0
DA:176,0
LF:76
LH:0
BRDA:22,0,0,0
BRDA:23,1,0,0
BRDA:27,2,0,0
BRDA:34,3,0,0
BRDA:40,4,0,0
BRDA:68,5,0,0
BRDA:69,6,0,0
BRDA:70,7,0,0
BRDA:74,8,0,0
BRDA:75,9,0,0
BRDA:75,9,1,0
BRDA:83,10,0,0
BRDA:83,10,1,0
BRDA:84,11,0,0
BRDA:84,11,1,0
BRDA:102,12,0,0
BRDA:102,12,1,0
BRDA:107,13,0,0
BRDA:107,13,1,0
BRDA:112,14,0,0
BRDA:119,15,0,0
BRDA:123,16,0,0
BRDA:150,17,0,0
BRDA:162,18,0,0
BRDA:166,19,0,0
BRF:25
BRH:0
end_of_record
TN:
SF:src/hooks/useMessageCleanup.tsx
FN:6,(anonymous_0)
FN:9,(anonymous_1)
FN:10,(anonymous_2)
FN:12,(anonymous_3)
FN:16,(anonymous_4)
FN:20,(anonymous_5)
FNF:6
FNH:5
FNDA:3,(anonymous_0)
FNDA:6,(anonymous_1)
FNDA:2,(anonymous_2)
FNDA:5,(anonymous_3)
FNDA:0,(anonymous_4)
FNDA:1,(anonymous_5)
DA:1,1
DA:3,1
DA:4,1
DA:6,1
DA:7,3
DA:8,3
DA:9,6
DA:10,3
DA:11,2
DA:12,5
DA:14,2
DA:16,1
DA:17,0
DA:20,1
LF:14
LH:13
BRDA:14,0,0,1
BRF:1
BRH:1
end_of_record
TN:
SF:src/lib/Button.tsx
FN:11,(anonymous_1)
FNF:1
FNH:1
FNDA:6,(anonymous_1)
DA:1,1
DA:2,1
DA:11,1
DA:12,6
DA:23,1
LF:5
LH:5
BRDA:16,0,0,6
BRDA:16,0,1,3
BRF:2
BRH:2
end_of_record
TN:
SF:src/lib/Table.tsx
FN:9,(anonymous_0)
FN:16,(anonymous_1)
FN:22,(anonymous_2)
FN:24,(anonymous_3)
FNF:4
FNH:4
FNDA:1,(anonymous_0)
FNDA:11,(anonymous_1)
FNDA:1,(anonymous_2)
FNDA:11,(anonymous_3)
DA:1,1
DA:9,1
DA:11,1
DA:17,11
DA:23,1
DA:25,11
DA:37,1
LF:7
LH:7
BRDA:12,0,0,1
BRDA:12,0,1,0
BRDA:23,1,0,1
BRDA:23,1,1,0
BRDA:26,2,0,11
BRDA:26,2,1,0
BRF:6
BRH:3
end_of_record
TN:
SF:src/pages/Alerts.tsx
FN:9,(anonymous_10)
FN:11,(anonymous_11)
FN:17,(anonymous_12)
FN:18,(anonymous_13)
FN:23,(anonymous_14)
FN:28,(anonymous_15)
FN:36,(anonymous_16)
FN:44,(anonymous_17)
FN:62,(anonymous_18)
FN:67,(anonymous_19)
FN:80,(anonymous_20)
FNF:11
FNH:0
FNDA:0,(anonymous_10)
FNDA:0,(anonymous_11)
FNDA:0,(anonymous_12)
FNDA:0,(anonymous_13)
FNDA:0,(anonymous_14)
FNDA:0,(anonymous_15)
FNDA:0,(anonymous_16)
FNDA:0,(anonymous_17)
FNDA:0,(anonymous_18)
FNDA:0,(anonymous_19)
FNDA:0,(anonymous_20)
DA:1,0
DA:2,0
DA:4,0
DA:5,0
DA:6,0
DA:7,0
DA:9,0
DA:10,0
DA:11,0
DA:14,0
DA:15,0
DA:17,0
DA:18,0
DA:19,0
DA:21,0
DA:22,0
DA:23,0
DA:24,0
DA:28,0
DA:29,0
DA:36,0
DA:42,0
DA:43,0
DA:44,0
DA:54,0
DA:60,0
DA:62,0
DA:68,0
DA:81,0
DA:93,0
LF:30
LH:0
BRDA:42,0,0,0
BRDA:42,0,1,0
BRDA:42,1,0,0
BRDA:42,1,1,0
BRDA:43,2,0,0
BRDA:43,2,1,0
BRDA:62,3,0,0
BRDA:62,3,1,0
BRDA:81,4,0,0
BRDA:81,4,1,0
BRDA:81,4,2,0
BRF:11
BRH:0
end_of_record
TN:
SF:src/pages/Monitor.tsx
FN:8,(anonymous_1)
FN:9,(anonymous_2)
FNF:2
FNH:2
FNDA:3,(anonymous_1)
FNDA:6,(anonymous_2)
DA:1,1
DA:2,1
DA:4,1
DA:5,1
DA:6,1
DA:8,1
DA:9,6
DA:11,3
DA:26,1
LF:9
LH:9
BRDA:13,0,0,2
BRDA:13,0,1,1
BRF:2
BRH:2
end_of_record
TN:
SF:src/static/static-values.ts
FNF:0
FNH:0
DA:2,1
DA:16,1
LF:2
LH:2
BRF:0
BRH:0
end_of_record
TN:
SF:src/store/store.ts
FNF:0
FNH:0
DA:1,0
DA:2,0
DA:4,0
DA:13,0
LF:4
LH:0
BRF:0
BRH:0
end_of_record
TN:
SF:src/store/webSocketSlice.ts
FN:4,(anonymous_0)
FN:9,(anonymous_1)
FN:18,(anonymous_2)
FN:27,(anonymous_3)
FN:46,(anonymous_4)
FN:50,(anonymous_5)
FN:55,(anonymous_6)
FN:62,(anonymous_7)
FN:71,(anonymous_8)
FNF:9
FNH:4
FNDA:4,(anonymous_0)
FNDA:0,(anonymous_1)
FNDA:0,(anonymous_2)
FNDA:1,(anonymous_3)
FNDA:0,(anonymous_4)
FNDA:1,(anonymous_5)
FNDA:1,(anonymous_6)
FNDA:0,(anonymous_7)
FNDA:0,(anonymous_8)
DA:1,1
DA:4,1
DA:8,4
DA:9,4
DA:12,1
DA:18,1
DA:22,0
DA:23,0
DA:27,1
DA:28,1
DA:29,1
DA:30,1
DA:31,1
DA:34,1
DA:42,1
DA:47,0
DA:51,1
DA:52,1
DA:59,1
DA:60,1
DA:62,1
DA:63,0
DA:64,0
DA:65,0
DA:67,0
DA:72,0
DA:77,1
DA:84,1
LF:28
LH:20
BRDA:6,0,0,4
BRF:1
BRH:1
end_of_record
